build/outputs/logs/manifest-merger-debug-report.txt
-- Merging decision tree log ---
manifest
ADDED from ChatDemoUI\AndroidManifest.xml:2:1-414:12
	package
		ADDED from ChatDemoUI\AndroidManifest.xml:3:5-37
	android:versionName
		ADDED from ChatDemoUI\AndroidManifest.xml:5:5-32
	android:versionCode
		ADDED from ChatDemoUI\AndroidManifest.xml:4:5-29
		INJECTED from ChatDemoUI\AndroidManifest.xml
		INJECTED from ChatDemoUI\AndroidManifest.xml
	xmlns:android
		ADDED from ChatDemoUI\AndroidManifest.xml:2:11-69
uses-sdk
ADDED from ChatDemoUI\AndroidManifest.xml:7:5-9:41
	android:targetSdkVersion
		ADDED from ChatDemoUI\AndroidManifest.xml:9:9-38
	android:minSdkVersion
		ADDED from ChatDemoUI\AndroidManifest.xml:8:9-34
uses-permission#android.permission.VIBRATE
ADDED from ChatDemoUI\AndroidManifest.xml:11:5-66
	android:name
		ADDED from ChatDemoUI\AndroidManifest.xml:11:22-63
uses-permission#android.permission.INTERNET
ADDED from ChatDemoUI\AndroidManifest.xml:12:5-67
	android:name
		ADDED from ChatDemoUI\AndroidManifest.xml:12:22-64
uses-permission#android.permission.RECORD_AUDIO
ADDED from ChatDemoUI\AndroidManifest.xml:13:5-71
	android:name
		ADDED from ChatDemoUI\AndroidManifest.xml:13:22-68
uses-permission#android.permission.CAMERA
ADDED from ChatDemoUI\AndroidManifest.xml:14:5-65
	android:name
		ADDED from ChatDemoUI\AndroidManifest.xml:14:22-62
uses-permission#android.permission.ACCESS_NETWORK_STATE
ADDED from ChatDemoUI\AndroidManifest.xml:15:5-79
	android:name
		ADDED from ChatDemoUI\AndroidManifest.xml:15:22-76
uses-permission#android.permission.WRITE_EXTERNAL_STORAGE
ADDED from ChatDemoUI\AndroidManifest.xml:16:5-81
	android:name
		ADDED from ChatDemoUI\AndroidManifest.xml:16:22-78
uses-permission#android.permission.MOUNT_UNMOUNT_FILESYSTEMS
ADDED from ChatDemoUI\AndroidManifest.xml:17:5-84
	android:name
		ADDED from ChatDemoUI\AndroidManifest.xml:17:22-81
uses-permission#android.permission.ACCESS_FINE_LOCATION
ADDED from ChatDemoUI\AndroidManifest.xml:18:5-79
	android:name
		ADDED from ChatDemoUI\AndroidManifest.xml:18:22-76
uses-permission#android.permission.GET_TASKS
ADDED from ChatDemoUI\AndroidManifest.xml:19:5-68
	android:name
		ADDED from ChatDemoUI\AndroidManifest.xml:19:22-65
uses-permission#android.permission.ACCESS_WIFI_STATE
ADDED from ChatDemoUI\AndroidManifest.xml:20:5-76
	android:name
		ADDED from ChatDemoUI\AndroidManifest.xml:20:22-73
uses-permission#android.permission.CHANGE_WIFI_STATE
ADDED from ChatDemoUI\AndroidManifest.xml:21:5-76
	android:name
		ADDED from ChatDemoUI\AndroidManifest.xml:21:22-73
uses-permission#android.permission.WAKE_LOCK
ADDED from ChatDemoUI\AndroidManifest.xml:22:5-68
	android:name
		ADDED from ChatDemoUI\AndroidManifest.xml:22:22-65
uses-permission#android.permission.MODIFY_AUDIO_SETTINGS
ADDED from ChatDemoUI\AndroidManifest.xml:23:5-80
	android:name
		ADDED from ChatDemoUI\AndroidManifest.xml:23:22-77
uses-permission#android.permission.READ_PHONE_STATE
ADDED from ChatDemoUI\AndroidManifest.xml:24:5-75
	android:name
		ADDED from ChatDemoUI\AndroidManifest.xml:24:22-72
uses-permission#android.permission.RECEIVE_BOOT_COMPLETED
ADDED from ChatDemoUI\AndroidManifest.xml:25:5-81
	android:name
		ADDED from ChatDemoUI\AndroidManifest.xml:25:22-78
uses-permission#android.permission.GET_ACCOUNTS
ADDED from ChatDemoUI\AndroidManifest.xml:26:5-71
	android:name
		ADDED from ChatDemoUI\AndroidManifest.xml:26:22-68
uses-permission#android.permission.USE_CREDENTIALS
ADDED from ChatDemoUI\AndroidManifest.xml:27:5-74
	android:name
		ADDED from ChatDemoUI\AndroidManifest.xml:27:22-71
uses-permission#android.permission.MANAGE_ACCOUNTS
ADDED from ChatDemoUI\AndroidManifest.xml:28:5-74
	android:name
		ADDED from ChatDemoUI\AndroidManifest.xml:28:22-71
uses-permission#android.permission.AUTHENTICATE_ACCOUNTS
ADDED from ChatDemoUI\AndroidManifest.xml:29:5-80
	android:name
		ADDED from ChatDemoUI\AndroidManifest.xml:29:22-77
uses-permission#com.android.launcher.permission.READ_SETTINGS
ADDED from ChatDemoUI\AndroidManifest.xml:30:5-85
	android:name
		ADDED from ChatDemoUI\AndroidManifest.xml:30:22-82
uses-permission#android.permission.BROADCAST_STICKY
ADDED from ChatDemoUI\AndroidManifest.xml:31:5-75
	android:name
		ADDED from ChatDemoUI\AndroidManifest.xml:31:22-72
uses-permission#android.permission.WRITE_SETTINGS
ADDED from ChatDemoUI\AndroidManifest.xml:32:5-73
	android:name
		ADDED from ChatDemoUI\AndroidManifest.xml:32:22-70
uses-permission#com.google.android.c2dm.permission.RECEIVE
ADDED from ChatDemoUI\AndroidManifest.xml:33:5-82
	android:name
		ADDED from ChatDemoUI\AndroidManifest.xml:33:22-79
uses-permission#android.permission.CHANGE_NETWORK_STATE
ADDED from ChatDemoUI\AndroidManifest.xml:35:5-79
	android:name
		ADDED from ChatDemoUI\AndroidManifest.xml:35:22-76
permission#com.easemob.chatuidemo.permission.C2D_MESSAGE
ADDED from ChatDemoUI\AndroidManifest.xml:37:5-39:47
	android:protectionLevel
		ADDED from ChatDemoUI\AndroidManifest.xml:39:9-44
	android:name
		ADDED from ChatDemoUI\AndroidManifest.xml:38:9-69
uses-permission#com.easemob.chatuidemo.permission.C2D_MESSAGE
ADDED from ChatDemoUI\AndroidManifest.xml:41:5-85
	android:name
		ADDED from ChatDemoUI\AndroidManifest.xml:41:22-82
android:uses-permission#android.permission.READ_EXTERNAL_STORAGE
ADDED from ChatDemoUI\AndroidManifest.xml:43:5-88
	android:name
		ADDED from ChatDemoUI\AndroidManifest.xml:43:30-85
application
ADDED from ChatDemoUI\AndroidManifest.xml:45:5-412:19
	android:label
		ADDED from ChatDemoUI\AndroidManifest.xml:49:9-41
	android:allowBackup
		ADDED from ChatDemoUI\AndroidManifest.xml:47:9-35
	android:icon
		ADDED from ChatDemoUI\AndroidManifest.xml:48:9-42
	android:name
		ADDED from ChatDemoUI\AndroidManifest.xml:46:9-40
activity#com.easemob.chatuidemo.activity.MainActivity
ADDED from ChatDemoUI\AndroidManifest.xml:50:9-56:20
	android:screenOrientation
		ADDED from ChatDemoUI\AndroidManifest.xml:53:13-49
	android:launchMode
		ADDED from ChatDemoUI\AndroidManifest.xml:52:13-44
	android:windowSoftInputMode
		ADDED from ChatDemoUI\AndroidManifest.xml:55:13-52
	android:theme
		ADDED from ChatDemoUI\AndroidManifest.xml:54:13-52
	android:name
		ADDED from ChatDemoUI\AndroidManifest.xml:51:13-50
activity#com.easemob.chatuidemo.activity.WelcomeActivity
ADDED from ChatDemoUI\AndroidManifest.xml:59:9-68:20
	android:screenOrientation
		ADDED from ChatDemoUI\AndroidManifest.xml:61:13-49
	android:theme
		ADDED from ChatDemoUI\AndroidManifest.xml:62:13-52
	android:name
		ADDED from ChatDemoUI\AndroidManifest.xml:60:13-53
intent-filter#android.intent.action.MAIN+android.intent.category.LAUNCHER
ADDED from ChatDemoUI\AndroidManifest.xml:63:13-67:29
action#android.intent.action.MAIN
ADDED from ChatDemoUI\AndroidManifest.xml:64:17-69
	android:name
		ADDED from ChatDemoUI\AndroidManifest.xml:64:25-66
category#android.intent.category.LAUNCHER
ADDED from ChatDemoUI\AndroidManifest.xml:66:17-77
	android:name
		ADDED from ChatDemoUI\AndroidManifest.xml:66:27-74
activity#com.easemob.chatuidemo.activity.LoginActivity
ADDED from ChatDemoUI\AndroidManifest.xml:71:9-76:20
	android:screenOrientation
		ADDED from ChatDemoUI\AndroidManifest.xml:73:13-49
	android:windowSoftInputMode
		ADDED from ChatDemoUI\AndroidManifest.xml:75:13-68
	android:theme
		ADDED from ChatDemoUI\AndroidManifest.xml:74:13-52
	android:name
		ADDED from ChatDemoUI\AndroidManifest.xml:72:13-51
activity#com.easemob.chatuidemo.activity.RegisterActivity
ADDED from ChatDemoUI\AndroidManifest.xml:79:9-84:20
	android:screenOrientation
		ADDED from ChatDemoUI\AndroidManifest.xml:81:13-49
	android:windowSoftInputMode
		ADDED from ChatDemoUI\AndroidManifest.xml:83:13-68
	android:theme
		ADDED from ChatDemoUI\AndroidManifest.xml:82:13-52
	android:name
		ADDED from ChatDemoUI\AndroidManifest.xml:80:13-54
activity#com.easemob.chatuidemo.activity.ChatActivity
ADDED from ChatDemoUI\AndroidManifest.xml:86:9-92:20
	android:screenOrientation
		ADDED from ChatDemoUI\AndroidManifest.xml:89:13-49
	android:launchMode
		ADDED from ChatDemoUI\AndroidManifest.xml:88:13-43
	android:windowSoftInputMode
		ADDED from ChatDemoUI\AndroidManifest.xml:91:13-55
	android:theme
		ADDED from ChatDemoUI\AndroidManifest.xml:90:13-52
	android:name
		ADDED from ChatDemoUI\AndroidManifest.xml:87:13-50
activity#com.easemob.chatuidemo.activity.AddContactActivity
ADDED from ChatDemoUI\AndroidManifest.xml:94:9-99:20
	android:screenOrientation
		ADDED from ChatDemoUI\AndroidManifest.xml:96:13-49
	android:windowSoftInputMode
		ADDED from ChatDemoUI\AndroidManifest.xml:98:13-55
	android:theme
		ADDED from ChatDemoUI\AndroidManifest.xml:97:13-52
	android:name
		ADDED from ChatDemoUI\AndroidManifest.xml:95:13-56
activity#com.easemob.chatuidemo.activity.GroupDetailsActivity
ADDED from ChatDemoUI\AndroidManifest.xml:101:9-105:20
	android:screenOrientation
		ADDED from ChatDemoUI\AndroidManifest.xml:103:13-49
	android:theme
		ADDED from ChatDemoUI\AndroidManifest.xml:104:13-52
	android:name
		ADDED from ChatDemoUI\AndroidManifest.xml:102:13-58
activity#com.easemob.chatuidemo.activity.GroupsActivity
ADDED from ChatDemoUI\AndroidManifest.xml:107:9-112:20
	android:screenOrientation
		ADDED from ChatDemoUI\AndroidManifest.xml:109:13-49
	android:windowSoftInputMode
		ADDED from ChatDemoUI\AndroidManifest.xml:111:13-52
	android:theme
		ADDED from ChatDemoUI\AndroidManifest.xml:110:13-52
	android:name
		ADDED from ChatDemoUI\AndroidManifest.xml:108:13-52
activity#com.easemob.chatuidemo.activity.ChatRoomActivity
ADDED from ChatDemoUI\AndroidManifest.xml:113:9-118:20
	android:screenOrientation
		ADDED from ChatDemoUI\AndroidManifest.xml:115:13-49
	android:windowSoftInputMode
		ADDED from ChatDemoUI\AndroidManifest.xml:117:13-52
	android:theme
		ADDED from ChatDemoUI\AndroidManifest.xml:116:13-52
	android:name
		ADDED from ChatDemoUI\AndroidManifest.xml:114:13-54
activity#com.easemob.chatuidemo.activity.ChatRoomDetailsActivity
ADDED from ChatDemoUI\AndroidManifest.xml:120:9-124:20
	android:screenOrientation
		ADDED from ChatDemoUI\AndroidManifest.xml:122:13-49
	android:theme
		ADDED from ChatDemoUI\AndroidManifest.xml:123:13-52
	android:name
		ADDED from ChatDemoUI\AndroidManifest.xml:121:13-61
activity#com.easemob.chatuidemo.activity.NewGroupActivity
ADDED from ChatDemoUI\AndroidManifest.xml:127:9-132:20
	android:screenOrientation
		ADDED from ChatDemoUI\AndroidManifest.xml:129:13-49
	android:windowSoftInputMode
		ADDED from ChatDemoUI\AndroidManifest.xml:131:13-52
	android:theme
		ADDED from ChatDemoUI\AndroidManifest.xml:130:13-52
	android:name
		ADDED from ChatDemoUI\AndroidManifest.xml:128:13-54
activity#com.easemob.chatuidemo.activity.ExitGroupDialog
ADDED from ChatDemoUI\AndroidManifest.xml:134:9-138:20
	android:screenOrientation
		ADDED from ChatDemoUI\AndroidManifest.xml:136:13-49
	android:theme
		ADDED from ChatDemoUI\AndroidManifest.xml:137:13-55
	android:name
		ADDED from ChatDemoUI\AndroidManifest.xml:135:13-53
activity#com.easemob.chatuidemo.activity.GroupPickContactsActivity
ADDED from ChatDemoUI\AndroidManifest.xml:140:9-145:20
	android:screenOrientation
		ADDED from ChatDemoUI\AndroidManifest.xml:142:13-49
	android:windowSoftInputMode
		ADDED from ChatDemoUI\AndroidManifest.xml:144:13-52
	android:theme
		ADDED from ChatDemoUI\AndroidManifest.xml:143:13-52
	android:name
		ADDED from ChatDemoUI\AndroidManifest.xml:141:13-63
activity#com.easemob.chatuidemo.activity.BaiduMapActivity
ADDED from ChatDemoUI\AndroidManifest.xml:147:9-151:20
	android:screenOrientation
		ADDED from ChatDemoUI\AndroidManifest.xml:149:13-49
	android:theme
		ADDED from ChatDemoUI\AndroidManifest.xml:150:13-52
	android:name
		ADDED from ChatDemoUI\AndroidManifest.xml:148:13-54
activity#com.easemob.chatuidemo.activity.NewFriendsMsgActivity
ADDED from ChatDemoUI\AndroidManifest.xml:154:9-158:20
	android:screenOrientation
		ADDED from ChatDemoUI\AndroidManifest.xml:156:13-49
	android:theme
		ADDED from ChatDemoUI\AndroidManifest.xml:157:13-52
	android:name
		ADDED from ChatDemoUI\AndroidManifest.xml:155:13-59
activity#com.easemob.chatuidemo.activity.ForwardMessageActivity
ADDED from ChatDemoUI\AndroidManifest.xml:160:9-165:20
	android:screenOrientation
		ADDED from ChatDemoUI\AndroidManifest.xml:162:13-49
	android:windowSoftInputMode
		ADDED from ChatDemoUI\AndroidManifest.xml:164:13-52
	android:theme
		ADDED from ChatDemoUI\AndroidManifest.xml:163:13-52
	android:name
		ADDED from ChatDemoUI\AndroidManifest.xml:161:13-60
activity#com.easemob.chatuidemo.activity.ContextMenu
ADDED from ChatDemoUI\AndroidManifest.xml:167:9-171:20
	android:screenOrientation
		ADDED from ChatDemoUI\AndroidManifest.xml:169:13-49
	android:theme
		ADDED from ChatDemoUI\AndroidManifest.xml:170:13-49
	android:name
		ADDED from ChatDemoUI\AndroidManifest.xml:168:13-49
activity#com.easemob.chatuidemo.activity.AlertDialog
ADDED from ChatDemoUI\AndroidManifest.xml:173:9-177:20
	android:screenOrientation
		ADDED from ChatDemoUI\AndroidManifest.xml:175:13-49
	android:theme
		ADDED from ChatDemoUI\AndroidManifest.xml:176:13-49
	android:name
		ADDED from ChatDemoUI\AndroidManifest.xml:174:13-49
activity#com.easemob.chatuidemo.activity.ShowBigImage
ADDED from ChatDemoUI\AndroidManifest.xml:179:9-183:20
	android:screenOrientation
		ADDED from ChatDemoUI\AndroidManifest.xml:181:13-49
	android:theme
		ADDED from ChatDemoUI\AndroidManifest.xml:182:13-52
	android:name
		ADDED from ChatDemoUI\AndroidManifest.xml:180:13-50
activity#com.easemob.chatuidemo.activity.ShowNormalFileActivity
ADDED from ChatDemoUI\AndroidManifest.xml:185:9-189:20
	android:screenOrientation
		ADDED from ChatDemoUI\AndroidManifest.xml:187:13-49
	android:theme
		ADDED from ChatDemoUI\AndroidManifest.xml:188:13-52
	android:name
		ADDED from ChatDemoUI\AndroidManifest.xml:186:13-60
activity#com.easemob.chatuidemo.activity.BlacklistActivity
ADDED from ChatDemoUI\AndroidManifest.xml:191:9-195:20
	android:screenOrientation
		ADDED from ChatDemoUI\AndroidManifest.xml:193:13-49
	android:theme
		ADDED from ChatDemoUI\AndroidManifest.xml:194:13-52
	android:name
		ADDED from ChatDemoUI\AndroidManifest.xml:192:13-55
activity#com.easemob.chatuidemo.activity.PublicGroupsActivity
ADDED from ChatDemoUI\AndroidManifest.xml:198:9-203:20
	android:screenOrientation
		ADDED from ChatDemoUI\AndroidManifest.xml:200:13-49
	android:windowSoftInputMode
		ADDED from ChatDemoUI\AndroidManifest.xml:202:13-52
	android:theme
		ADDED from ChatDemoUI\AndroidManifest.xml:201:13-52
	android:name
		ADDED from ChatDemoUI\AndroidManifest.xml:199:13-58
activity#com.easemob.chatuidemo.activity.PublicChatRoomsActivity
ADDED from ChatDemoUI\AndroidManifest.xml:204:9-209:20
	android:screenOrientation
		ADDED from ChatDemoUI\AndroidManifest.xml:206:13-49
	android:windowSoftInputMode
		ADDED from ChatDemoUI\AndroidManifest.xml:208:13-52
	android:theme
		ADDED from ChatDemoUI\AndroidManifest.xml:207:13-52
	android:name
		ADDED from ChatDemoUI\AndroidManifest.xml:205:13-61
activity#com.easemob.chatuidemo.activity.VoiceCallActivity
ADDED from ChatDemoUI\AndroidManifest.xml:212:9-217:20
	android:screenOrientation
		ADDED from ChatDemoUI\AndroidManifest.xml:215:13-49
	android:launchMode
		ADDED from ChatDemoUI\AndroidManifest.xml:214:13-44
	android:theme
		ADDED from ChatDemoUI\AndroidManifest.xml:216:13-48
	android:name
		ADDED from ChatDemoUI\AndroidManifest.xml:213:13-55
activity#com.easemob.chatuidemo.activity.VideoCallActivity
ADDED from ChatDemoUI\AndroidManifest.xml:219:9-225:20
	android:screenOrientation
		ADDED from ChatDemoUI\AndroidManifest.xml:223:13-49
	android:launchMode
		ADDED from ChatDemoUI\AndroidManifest.xml:222:13-44
	android:configChanges
		ADDED from ChatDemoUI\AndroidManifest.xml:221:13-74
	android:theme
		ADDED from ChatDemoUI\AndroidManifest.xml:224:13-52
	android:name
		ADDED from ChatDemoUI\AndroidManifest.xml:220:13-55
activity#com.easemob.chatuidemo.activity.GroupSimpleDetailActivity
ADDED from ChatDemoUI\AndroidManifest.xml:227:9-231:20
	android:screenOrientation
		ADDED from ChatDemoUI\AndroidManifest.xml:229:13-49
	android:theme
		ADDED from ChatDemoUI\AndroidManifest.xml:230:13-52
	android:name
		ADDED from ChatDemoUI\AndroidManifest.xml:228:13-63
activity#com.easemob.chatuidemo.activity.GroupBlacklistActivity
ADDED from ChatDemoUI\AndroidManifest.xml:233:9-237:20
	android:screenOrientation
		ADDED from ChatDemoUI\AndroidManifest.xml:235:13-49
	android:theme
		ADDED from ChatDemoUI\AndroidManifest.xml:236:13-52
	android:name
		ADDED from ChatDemoUI\AndroidManifest.xml:234:13-60
activity#com.easemob.chatuidemo.activity.PublicGroupsSeachActivity
ADDED from ChatDemoUI\AndroidManifest.xml:238:9-242:20
	android:screenOrientation
		ADDED from ChatDemoUI\AndroidManifest.xml:240:13-49
	android:theme
		ADDED from ChatDemoUI\AndroidManifest.xml:241:13-52
	android:name
		ADDED from ChatDemoUI\AndroidManifest.xml:239:13-63
activity#com.easemob.chatuidemo.activity.EditActivity
ADDED from ChatDemoUI\AndroidManifest.xml:243:9-248:20
	android:screenOrientation
		ADDED from ChatDemoUI\AndroidManifest.xml:245:13-49
	android:windowSoftInputMode
		ADDED from ChatDemoUI\AndroidManifest.xml:247:13-55
	android:theme
		ADDED from ChatDemoUI\AndroidManifest.xml:246:13-52
	android:name
		ADDED from ChatDemoUI\AndroidManifest.xml:244:13-50
activity#com.easemob.chatuidemo.activity.ShowVideoActivity
ADDED from ChatDemoUI\AndroidManifest.xml:249:9-254:20
	android:screenOrientation
		ADDED from ChatDemoUI\AndroidManifest.xml:251:13-49
	android:windowSoftInputMode
		ADDED from ChatDemoUI\AndroidManifest.xml:253:13-60
	android:theme
		ADDED from ChatDemoUI\AndroidManifest.xml:252:13-52
	android:name
		ADDED from ChatDemoUI\AndroidManifest.xml:250:13-55
activity#com.easemob.chatuidemo.activity.ImageGridActivity
ADDED from ChatDemoUI\AndroidManifest.xml:256:9-261:20
	android:screenOrientation
		ADDED from ChatDemoUI\AndroidManifest.xml:258:13-49
	android:windowSoftInputMode
		ADDED from ChatDemoUI\AndroidManifest.xml:260:13-60
	android:theme
		ADDED from ChatDemoUI\AndroidManifest.xml:259:13-52
	android:name
		ADDED from ChatDemoUI\AndroidManifest.xml:257:13-55
activity#com.easemob.chatuidemo.activity.RecorderVideoActivity
ADDED from ChatDemoUI\AndroidManifest.xml:262:9-267:20
	android:screenOrientation
		ADDED from ChatDemoUI\AndroidManifest.xml:264:13-49
	android:windowSoftInputMode
		ADDED from ChatDemoUI\AndroidManifest.xml:266:13-60
	android:theme
		ADDED from ChatDemoUI\AndroidManifest.xml:265:13-52
	android:name
		ADDED from ChatDemoUI\AndroidManifest.xml:263:13-59
activity#com.easemob.chatuidemo.activity.DiagnoseActivity
ADDED from ChatDemoUI\AndroidManifest.xml:269:9-274:20
	android:screenOrientation
		ADDED from ChatDemoUI\AndroidManifest.xml:271:13-49
	android:windowSoftInputMode
		ADDED from ChatDemoUI\AndroidManifest.xml:273:13-60
	android:theme
		ADDED from ChatDemoUI\AndroidManifest.xml:272:13-52
	android:name
		ADDED from ChatDemoUI\AndroidManifest.xml:270:13-54
activity#com.easemob.chatuidemo.activity.OfflinePushNickActivity
ADDED from ChatDemoUI\AndroidManifest.xml:277:9-282:20
	android:screenOrientation
		ADDED from ChatDemoUI\AndroidManifest.xml:279:13-49
	android:windowSoftInputMode
		ADDED from ChatDemoUI\AndroidManifest.xml:281:13-60
	android:theme
		ADDED from ChatDemoUI\AndroidManifest.xml:280:13-52
	android:name
		ADDED from ChatDemoUI\AndroidManifest.xml:278:13-61
activity#com.easemob.chatuidemo.activity.RobotsActivity
ADDED from ChatDemoUI\AndroidManifest.xml:284:9-288:63
	android:screenOrientation
		ADDED from ChatDemoUI\AndroidManifest.xml:286:13-49
	android:windowSoftInputMode
		ADDED from ChatDemoUI\AndroidManifest.xml:288:13-60
	android:theme
		ADDED from ChatDemoUI\AndroidManifest.xml:287:13-52
	android:name
		ADDED from ChatDemoUI\AndroidManifest.xml:285:13-52
activity#com.easemob.chatuidemo.activity.UserProfileActivity
ADDED from ChatDemoUI\AndroidManifest.xml:290:9-293:55
	android:screenOrientation
		ADDED from ChatDemoUI\AndroidManifest.xml:292:13-49
	android:theme
		ADDED from ChatDemoUI\AndroidManifest.xml:293:13-52
	android:name
		ADDED from ChatDemoUI\AndroidManifest.xml:291:13-57
receiver#com.easemob.chat.StartServiceReceiver
ADDED from ChatDemoUI\AndroidManifest.xml:296:9-303:20
	android:name
		ADDED from ChatDemoUI\AndroidManifest.xml:296:19-71
intent-filter#android.intent.action.BOOT_COMPLETED+android.intent.action.QUICKBOOT_POWERON+android.intent.category.LAUNCHER
ADDED from ChatDemoUI\AndroidManifest.xml:297:13-302:29
	android:priority
		ADDED from ChatDemoUI\AndroidManifest.xml:297:28-51
action#android.intent.action.BOOT_COMPLETED
ADDED from ChatDemoUI\AndroidManifest.xml:298:17-79
	android:name
		ADDED from ChatDemoUI\AndroidManifest.xml:298:25-76
action#android.intent.action.QUICKBOOT_POWERON
ADDED from ChatDemoUI\AndroidManifest.xml:299:17-82
	android:name
		ADDED from ChatDemoUI\AndroidManifest.xml:299:25-79
receiver#com.easemob.chat.EMGCMBroadcastReceiver
ADDED from ChatDemoUI\AndroidManifest.xml:306:9-315:20
	android:exported
		ADDED from ChatDemoUI\AndroidManifest.xml:308:13-36
	android:permission
		ADDED from ChatDemoUI\AndroidManifest.xml:309:13-73
	android:name
		ADDED from ChatDemoUI\AndroidManifest.xml:307:13-67
intent-filter#com.easemob.chatuidemo+com.google.android.c2dm.intent.RECEIVE
ADDED from ChatDemoUI\AndroidManifest.xml:310:13-314:29
action#com.google.android.c2dm.intent.RECEIVE
ADDED from ChatDemoUI\AndroidManifest.xml:311:17-81
	android:name
		ADDED from ChatDemoUI\AndroidManifest.xml:311:25-78
category#com.easemob.chatuidemo
ADDED from ChatDemoUI\AndroidManifest.xml:313:17-67
	android:name
		ADDED from ChatDemoUI\AndroidManifest.xml:313:27-64
service#com.easemob.chat.EMGCMListenerService
ADDED from ChatDemoUI\AndroidManifest.xml:317:9-320:19
	android:exported
		ADDED from ChatDemoUI\AndroidManifest.xml:319:13-37
	android:name
		ADDED from ChatDemoUI\AndroidManifest.xml:318:13-65
receiver#com.easemob.chatuidemo.receiver.GCMPushBroadCast
ADDED from ChatDemoUI\AndroidManifest.xml:322:9-330:20
	android:exported
		ADDED from ChatDemoUI\AndroidManifest.xml:324:13-37
	android:name
		ADDED from ChatDemoUI\AndroidManifest.xml:323:13-54
intent-filter#com.easemob.chatuidemo+com.easemob.sdk.push
ADDED from ChatDemoUI\AndroidManifest.xml:325:13-329:29
action#com.easemob.sdk.push
ADDED from ChatDemoUI\AndroidManifest.xml:326:17-63
	android:name
		ADDED from ChatDemoUI\AndroidManifest.xml:326:25-60
meta-data#EASEMOB_APPKEY
ADDED from ChatDemoUI\AndroidManifest.xml:335:9-337:54
	android:value
		ADDED from ChatDemoUI\AndroidManifest.xml:337:13-51
	android:name
		ADDED from ChatDemoUI\AndroidManifest.xml:336:13-42
service#com.easemob.chat.EMChatService
ADDED from ChatDemoUI\AndroidManifest.xml:339:9-66
	android:name
		ADDED from ChatDemoUI\AndroidManifest.xml:339:18-63
receiver#com.easemob.chat.EMMonitorReceiver
ADDED from ChatDemoUI\AndroidManifest.xml:341:9-351:20
	android:name
		ADDED from ChatDemoUI\AndroidManifest.xml:341:19-68
intent-filter#android.intent.action.PACKAGE_REMOVED
ADDED from ChatDemoUI\AndroidManifest.xml:342:13-346:29
action#android.intent.action.PACKAGE_REMOVED
ADDED from ChatDemoUI\AndroidManifest.xml:343:17-80
	android:name
		ADDED from ChatDemoUI\AndroidManifest.xml:343:25-77
data
ADDED from ChatDemoUI\AndroidManifest.xml:345:17-50
	android:scheme
		ADDED from ChatDemoUI\AndroidManifest.xml:345:23-47
intent-filter#android.intent.action.BOOT_COMPLETED+android.intent.action.USER_PRESENT
ADDED from ChatDemoUI\AndroidManifest.xml:347:13-350:29
action#android.intent.action.USER_PRESENT
ADDED from ChatDemoUI\AndroidManifest.xml:349:17-77
	android:name
		ADDED from ChatDemoUI\AndroidManifest.xml:349:25-74
service#com.baidu.location.f
ADDED from ChatDemoUI\AndroidManifest.xml:354:9-357:41
	android:enabled
		ADDED from ChatDemoUI\AndroidManifest.xml:356:13-35
	android:process
		ADDED from ChatDemoUI\AndroidManifest.xml:357:13-38
	android:name
		ADDED from ChatDemoUI\AndroidManifest.xml:355:13-48
meta-data#TencentMapSDK
ADDED from ChatDemoUI\AndroidManifest.xml:359:9-361:67
	android:value
		ADDED from ChatDemoUI\AndroidManifest.xml:361:13-64
	android:name
		ADDED from ChatDemoUI\AndroidManifest.xml:360:13-41
meta-data#UMENG_APPKEY
ADDED from ChatDemoUI\AndroidManifest.xml:364:9-367:21
	android:value
		ADDED from ChatDemoUI\AndroidManifest.xml:366:13-53
	android:name
		ADDED from ChatDemoUI\AndroidManifest.xml:365:13-40
meta-data#com.baidu.lbsapi.API_KEY
ADDED from ChatDemoUI\AndroidManifest.xml:368:9-370:64
	android:value
		ADDED from ChatDemoUI\AndroidManifest.xml:370:13-61
	android:name
		ADDED from ChatDemoUI\AndroidManifest.xml:369:13-52
activity#com.easemob.chatuidemo.activity.RegisterPwdActivity
ADDED from ChatDemoUI\AndroidManifest.xml:372:9-375:20
	android:theme
		ADDED from ChatDemoUI\AndroidManifest.xml:374:13-52
	android:name
		ADDED from ChatDemoUI\AndroidManifest.xml:373:13-57
activity#com.easemob.chatuidemo.activity.FollowActivity
ADDED from ChatDemoUI\AndroidManifest.xml:376:9-379:20
	android:theme
		ADDED from ChatDemoUI\AndroidManifest.xml:378:13-52
	android:name
		ADDED from ChatDemoUI\AndroidManifest.xml:377:13-52
activity#com.easemob.chatuidemo.activity.LifeCircleActivity
ADDED from ChatDemoUI\AndroidManifest.xml:380:9-383:20
	android:theme
		ADDED from ChatDemoUI\AndroidManifest.xml:382:13-52
	android:name
		ADDED from ChatDemoUI\AndroidManifest.xml:381:13-56
activity#com.easemob.chatuidemo.activity.NearbyActivitiesActivity
ADDED from ChatDemoUI\AndroidManifest.xml:384:9-387:20
	android:theme
		ADDED from ChatDemoUI\AndroidManifest.xml:386:13-52
	android:name
		ADDED from ChatDemoUI\AndroidManifest.xml:385:13-62
activity#com.easemob.chatuidemo.activity.NearbyGroupActivity
ADDED from ChatDemoUI\AndroidManifest.xml:388:9-391:20
	android:theme
		ADDED from ChatDemoUI\AndroidManifest.xml:390:13-52
	android:name
		ADDED from ChatDemoUI\AndroidManifest.xml:389:13-57
activity#com.easemob.chatuidemo.activity.PublishLifeActivity
ADDED from ChatDemoUI\AndroidManifest.xml:392:9-395:20
	android:theme
		ADDED from ChatDemoUI\AndroidManifest.xml:394:13-52
	android:name
		ADDED from ChatDemoUI\AndroidManifest.xml:393:13-57
activity#com.easemob.chatuidemo.activity.GalleryActivity
ADDED from ChatDemoUI\AndroidManifest.xml:396:9-399:20
	android:theme
		ADDED from ChatDemoUI\AndroidManifest.xml:398:13-52
	android:name
		ADDED from ChatDemoUI\AndroidManifest.xml:397:13-53
activity#com.easemob.chatuidemo.activity.AlbumActivity
ADDED from ChatDemoUI\AndroidManifest.xml:400:9-403:20
	android:theme
		ADDED from ChatDemoUI\AndroidManifest.xml:402:13-52
	android:name
		ADDED from ChatDemoUI\AndroidManifest.xml:401:13-51
activity#com.easemob.chatuidemo.activity.ShowAllPhoto
ADDED from ChatDemoUI\AndroidManifest.xml:404:9-407:20
	android:theme
		ADDED from ChatDemoUI\AndroidManifest.xml:406:13-52
	android:name
		ADDED from ChatDemoUI\AndroidManifest.xml:405:13-50
activity#com.easemob.chatuidemo.utils.ImageFile
ADDED from ChatDemoUI\AndroidManifest.xml:408:9-411:20
	android:theme
		ADDED from ChatDemoUI\AndroidManifest.xml:410:13-52
	android:name
		ADDED from ChatDemoUI\AndroidManifest.xml:409:13-44